<?xml version="1.0" encoding="UTF-8"?>
<!-- Generated by org.testng.reporters.JUnitReportReporter -->
<testsuite skipped="1" hostname="autoportal-Vostro-3800" name="com.addcart.MyBasket" tests="2" failures="0" timestamp="02 Jul 2019 09:18:05 GMT" time="8.627" errors="0">
  <testcase name="VerifyMultipleProductFunctionality" time="8.627" classname="com.addcart.MyBasket"/>
  <testcase name="VerifyBigBasketFunctionality" classname="com.addcart.MyBasket">
    <skipped/>
  </testcase> <!-- VerifyBigBasketFunctionality -->
</testsuite> <!-- com.addcart.MyBasket -->
